<?xml version="1.0" encoding="UTF-8"?>
<!-- Generated by org.testng.reporters.JUnitReportReporter -->
<testsuite hostname="DESKTOP-GF6M3BB" failures="0" tests="1" name="com.sauceDemo.TestPack.TC03_VerifyAddtoCartFunctionality" time="1.357" errors="0" timestamp="2023-03-08T01:18:57 IST" skipped="0">
  <testcase classname="com.sauceDemo.TestPack.TC03_VerifyAddtoCartFunctionality" name="VerifyAddtoCartFunctionality" time="1.357"/>
  <system-out/>
</testsuite> <!-- com.sauceDemo.TestPack.TC03_VerifyAddtoCartFunctionality -->
